android/app/build/outputs/logs/manifest-merger-debug-report.txt
-- Merging decision tree log ---
manifest
ADDED from src/main/AndroidManifest.xml:2:1-17:12
	package
		ADDED from src/main/AndroidManifest.xml:2:120-155
		INJECTED from src/main/AndroidManifest.xml
		INJECTED from src/main/AndroidManifest.xml
	android:versionName
		ADDED from src/main/AndroidManifest.xml:2:94-119
		INJECTED from src/main/AndroidManifest.xml
		INJECTED from src/main/AndroidManifest.xml
	android:versionCode
		ADDED from src/main/AndroidManifest.xml:2:70-93
		INJECTED from src/main/AndroidManifest.xml
		INJECTED from src/main/AndroidManifest.xml
	xmlns:android
		ADDED from src/main/AndroidManifest.xml:2:11-69
uses-sdk
ADDED from src/main/AndroidManifest.xml:3:5-73
MERGED from [com.android.support:design:25.2.0] AndroidManifest.xml:21:5-23:62
MERGED from [com.android.support:appcompat-v7:25.2.0] AndroidManifest.xml:21:5-23:78
MERGED from [com.android.support:animated-vector-drawable:25.2.0] AndroidManifest.xml:20:5-44
MERGED from [com.android.support:support-vector-drawable:25.2.0] AndroidManifest.xml:21:5-43
MERGED from [com.android.support:transition:25.2.0] AndroidManifest.xml:20:5-44
MERGED from [com.google.android.support:wearable:2.0.0] AndroidManifest.xml:4:5-72
MERGED from [com.android.support:percent:23.0.1] AndroidManifest.xml:20:5-43
MERGED from [com.android.support:support-v4:25.2.0] AndroidManifest.xml:21:5-23:54
MERGED from [com.android.support:support-fragment:25.2.0] AndroidManifest.xml:21:5-23:60
MERGED from [com.android.support:support-media-compat:25.2.0] AndroidManifest.xml:21:5-23:63
MERGED from [com.android.support:support-core-utils:25.2.0] AndroidManifest.xml:21:5-23:61
MERGED from [com.android.support:recyclerview-v7:25.2.0] AndroidManifest.xml:20:5-43
MERGED from [com.android.support:support-core-ui:25.2.0] AndroidManifest.xml:21:5-23:58
MERGED from [com.android.support:support-compat:25.2.0] AndroidManifest.xml:21:5-23:58
	tools:overrideLibrary
		ADDED from [com.android.support:design:25.2.0] AndroidManifest.xml:23:9-59
	android:targetSdkVersion
		ADDED from src/main/AndroidManifest.xml:3:42-71
		INJECTED from src/main/AndroidManifest.xml
		INJECTED from src/main/AndroidManifest.xml
	android:minSdkVersion
		ADDED from src/main/AndroidManifest.xml:3:15-41
		INJECTED from src/main/AndroidManifest.xml
		INJECTED from src/main/AndroidManifest.xml
application
ADDED from src/main/AndroidManifest.xml:4:5-11:19
MERGED from [com.android.support:design:25.2.0] AndroidManifest.xml:25:5-20
MERGED from [com.android.support:appcompat-v7:25.2.0] AndroidManifest.xml:25:5-20
MERGED from [com.android.support:animated-vector-drawable:25.2.0] AndroidManifest.xml:22:5-20
MERGED from [com.android.support:support-vector-drawable:25.2.0] AndroidManifest.xml:23:5-20
MERGED from [com.android.support:transition:25.2.0] AndroidManifest.xml:22:5-20
MERGED from [com.google.android.support:wearable:2.0.0] AndroidManifest.xml:6:5-19
MERGED from [com.android.support:percent:23.0.1] AndroidManifest.xml:22:5-20
MERGED from [com.android.support:support-v4:25.2.0] AndroidManifest.xml:25:5-20
MERGED from [com.android.support:support-fragment:25.2.0] AndroidManifest.xml:25:5-20
MERGED from [com.android.support:support-media-compat:25.2.0] AndroidManifest.xml:25:5-20
MERGED from [com.android.support:support-core-utils:25.2.0] AndroidManifest.xml:25:5-20
MERGED from [com.android.support:support-core-ui:25.2.0] AndroidManifest.xml:25:5-20
MERGED from [com.android.support:support-compat:25.2.0] AndroidManifest.xml:25:5-20
	android:label
		ADDED from src/main/AndroidManifest.xml:4:48-73
	android:icon
		ADDED from src/main/AndroidManifest.xml:4:18-47
activity#processing.test.rtlsdrapp.MainActivity
ADDED from src/main/AndroidManifest.xml:5:9-10:20
	android:theme
		ADDED from src/main/AndroidManifest.xml:5:48-115
	android:name
		ADDED from src/main/AndroidManifest.xml:5:19-47
intent-filter#android.intent.action.MAIN+android.intent.category.LAUNCHER
ADDED from src/main/AndroidManifest.xml:6:13-9:29
action#android.intent.action.MAIN
ADDED from src/main/AndroidManifest.xml:7:17-68
	android:name
		ADDED from src/main/AndroidManifest.xml:7:25-66
category#android.intent.category.LAUNCHER
ADDED from src/main/AndroidManifest.xml:8:17-76
	android:name
		ADDED from src/main/AndroidManifest.xml:8:27-74
uses-permission#android.permission.ACCESS_COARSE_LOCATION
ADDED from src/main/AndroidManifest.xml:12:5-80
	android:name
		ADDED from src/main/AndroidManifest.xml:12:22-78
uses-permission#android.permission.ACCESS_FINE_LOCATION
ADDED from src/main/AndroidManifest.xml:13:5-78
	android:name
		ADDED from src/main/AndroidManifest.xml:13:22-76
uses-permission#android.permission.ACCESS_NETWORK_STATE
ADDED from src/main/AndroidManifest.xml:14:5-78
	android:name
		ADDED from src/main/AndroidManifest.xml:14:22-76
uses-permission#android.permission.ACCESS_WIFI_STATE
ADDED from src/main/AndroidManifest.xml:15:5-75
	android:name
		ADDED from src/main/AndroidManifest.xml:15:22-73
uses-permission#android.permission.INTERNET
ADDED from src/main/AndroidManifest.xml:16:5-66
	android:name
		ADDED from src/main/AndroidManifest.xml:16:22-64